<?xml version="1.0" encoding="UTF-8"?>
<!-- Generated by org.testng.reporters.JUnitReportReporter -->
<testsuite hostname="ChandraPrasathS" failures="0" tests="3" name="files.DynamicJson" time="3.169" errors="0" timestamp="2026-05-19T11:52:50 IST" skipped="0">
  <testcase classname="files.DynamicJson" name="addBook" time="0.168"/>
  <testcase classname="files.DynamicJson" name="addBook" time="0.171"/>
  <testcase classname="files.DynamicJson" name="addBook" time="2.830"/>
</testsuite> <!-- files.DynamicJson -->
