<?xml version="1.0" encoding="UTF-8"?>
<!-- Generated by org.testng.reporters.JUnitXMLReporter -->
<testsuite ignored="0" hostname="ChandraPrasathS" failures="0" tests="3" name="Default test" time="3.237" errors="0" timestamp="2026-05-19T11:52:50 IST">
  <testcase classname="files.DynamicJson" name="addBook" time="2.83"/>
  <testcase classname="files.DynamicJson" name="addBook" time="0.171"/>
  <testcase classname="files.DynamicJson" name="addBook" time="0.168"/>
</testsuite> <!-- Default test -->
